<?xml version="1.0" encoding="UTF-8" standalone="no"?><testsuite errors="2" failures="0" name="com.thinhtientech.mlm.features.OfferStory" skipped="0" tests="2" time="0.45" timestamp="2024-12-03 10:19:45"><testcase classname="com.thinhtientech.mlm.features.OfferStory" name="Check_offer_lead_when_creating_lead_with_api(LeadModel)"><error message="invalid selector&#10;from javascript error: {&quot;status&quot;:32,&quot;value&quot;:&quot;An invalid or illegal selector was specified&quot;}&#10;  (Session info: chrome=131.0.6778.86)&#10;For documentation on this error, please visit: https://www.selenium.dev/documentation/webdriver/troubleshooting/errors#invalid-selector-exception&#10;Build info: version: '4.23.1', revision: '656257d8e9'&#10;System info: os.name: 'Windows 10', os.arch: 'amd64', os.version: '10.0', java.version: '17.0.11'&#10;Driver info: org.openqa.selenium.chrome.ChromeDriver&#10;Command: [ea7c51221cc687152ce89eaa52eb4569, findElement {using=css selector, value=(//mat-icon[text()='search'])[{1}]}]&#10;Capabilities {acceptInsecureCerts: false, browserName: chrome, browserVersion: 131.0.6778.86, chrome: {chromedriverVersion: 131.0.6778.85 (3d81e41b6f3a..., userDataDir: C:\Users\tuandv\AppData\Loc...}, fedcm:accounts: true, goog:chromeOptions: {debuggerAddress: localhost:61443}, networkConnectionEnabled: false, pageLoadStrategy: normal, platformName: windows, proxy: Proxy(), se:cdp: ws://localhost:61443/devtoo..., se:cdpVersion: 131.0.6778.86, setWindowRect: true, strictFileInteractability: false, timeouts: {implicit: 0, pageLoad: 300000, script: 30000}, unhandledPromptBehavior: dismiss and notify, webauthn:extension:credBlob: true, webauthn:extension:largeBlob: true, webauthn:extension:minPinLength: true, webauthn:extension:prf: true, webauthn:virtualAuthenticators: true}&#10;Session ID: ea7c51221cc687152ce89eaa52eb4569" type="org.openqa.selenium.InvalidSelectorException">invalid selector
from javascript error: {"status":32,"value":"An invalid or illegal selector was specified"}
  (Session info: chrome=131.0.6778.86)
For documentation on this error, please visit: https://www.selenium.dev/documentation/webdriver/troubleshooting/errors#invalid-selector-exception
Build info: version: '4.23.1', revision: '656257d8e9'
System info: os.name: 'Windows 10', os.arch: 'amd64', os.version: '10.0', java.version: '17.0.11'
Driver info: org.openqa.selenium.chrome.ChromeDriver
Command: [ea7c51221cc687152ce89eaa52eb4569, findElement {using=css selector, value=(//mat-icon[text()='search'])[{1}]}]
Capabilities {acceptInsecureCerts: false, browserName: chrome, browserVersion: 131.0.6778.86, chrome: {chromedriverVersion: 131.0.6778.85 (3d81e41b6f3a..., userDataDir: C:\Users\tuandv\AppData\Loc...}, fedcm:accounts: true, goog:chromeOptions: {debuggerAddress: localhost:61443}, networkConnectionEnabled: false, pageLoadStrategy: normal, platformName: windows, proxy: Proxy(), se:cdp: ws://localhost:61443/devtoo..., se:cdpVersion: 131.0.6778.86, setWindowRect: true, strictFileInteractability: false, timeouts: {implicit: 0, pageLoad: 300000, script: 30000}, unhandledPromptBehavior: dismiss and notify, webauthn:extension:credBlob: true, webauthn:extension:largeBlob: true, webauthn:extension:minPinLength: true, webauthn:extension:prf: true, webauthn:virtualAuthenticators: true}
Session ID: ea7c51221cc687152ce89eaa52eb4569</error><system-err>invalid selector
from javascript error: {"status":32,"value":"An invalid or illegal selector was specified"}
  (Session info: chrome=131.0.6778.86)
For documentation on this error, please visit: https://www.selenium.dev/documentation/webdriver/troubleshooting/errors#invalid-selector-exception
Build info: version: '4.23.1', revision: '656257d8e9'
System info: os.name: 'Windows 10', os.arch: 'amd64', os.version: '10.0', java.version: '17.0.11'
Driver info: org.openqa.selenium.chrome.ChromeDriver
Command: [ea7c51221cc687152ce89eaa52eb4569, findElement {using=css selector, value=(//mat-icon[text()='search'])[{1}]}]
Capabilities {acceptInsecureCerts: false, browserName: chrome, browserVersion: 131.0.6778.86, chrome: {chromedriverVersion: 131.0.6778.85 (3d81e41b6f3a..., userDataDir: C:\Users\tuandv\AppData\Loc...}, fedcm:accounts: true, goog:chromeOptions: {debuggerAddress: localhost:61443}, networkConnectionEnabled: false, pageLoadStrategy: normal, platformName: windows, proxy: Proxy(), se:cdp: ws://localhost:61443/devtoo..., se:cdpVersion: 131.0.6778.86, setWindowRect: true, strictFileInteractability: false, timeouts: {implicit: 0, pageLoad: 300000, script: 30000}, unhandledPromptBehavior: dismiss and notify, webauthn:extension:credBlob: true, webauthn:extension:largeBlob: true, webauthn:extension:minPinLength: true, webauthn:extension:prf: true, webauthn:virtualAuthenticators: true}
Session ID: ea7c51221cc687152ce89eaa52eb4569&#13;
com.thinhtientech.mlm.tasks.SearchLead.lambda$withId$0(SearchLead.java:16)&#13;
com.thinhtientech.mlm.features.OfferStory.Check_offer_lead_when_creating_lead_with_api(OfferStory.java:30)&#13;
</system-err></testcase></testsuite>