<?xml version="1.0" encoding="UTF-8" standalone="no"?><testsuite errors="1" failures="0" name="com.thinhtientech.mlm.features.OfferStory" skipped="0" tests="1" time="16.78" timestamp="2024-12-03 10:18:58"><testcase classname="com.thinhtientech.mlm.features.OfferStory" name="Check offer lead success when importing leads"><error message="For input string: &quot;&quot;" type="java.lang.NumberFormatException">For input string: ""</error><system-err>For input string: ""&#13;
com.thinhtientech.mlm.tasks.CheckOfferLead.lambda$withNumberOfOffer$2(CheckOfferLead.java:43)&#13;
com.thinhtientech.mlm.features.OfferStory.Check_offer_lead_success_when_importing_leads(OfferStory.java:40)&#13;
</system-err></testcase></testsuite>